{"C:\\Users\\dell\\learning\\vitest\\src\\components\\Calculator.jsx": {"path":"C:\\Users\\dell\\learning\\vitest\\src\\components\\Calculator.jsx","all":false,"statementMap":{"0":{"start":{"line":1,"column":0},"end":{"line":1,"column":31}},"1":{"start":{"line":2,"column":0},"end":{"line":2,"column":32}},"2":{"start":{"line":3,"column":0},"end":{"line":3,"column":47}},"3":{"start":{"line":4,"column":0},"end":{"line":4,"column":0}},"4":{"start":{"line":5,"column":0},"end":{"line":5,"column":44}},"5":{"start":{"line":6,"column":0},"end":{"line":6,"column":0}},"6":{"start":{"line":7,"column":0},"end":{"line":7,"column":22}},"7":{"start":{"line":8,"column":0},"end":{"line":8,"column":26}},"8":{"start":{"line":9,"column":0},"end":{"line":9,"column":30}},"9":{"start":{"line":10,"column":0},"end":{"line":10,"column":43}},"10":{"start":{"line":11,"column":0},"end":{"line":11,"column":32}},"11":{"start":{"line":12,"column":0},"end":{"line":12,"column":27}},"12":{"start":{"line":13,"column":0},"end":{"line":13,"column":9}},"13":{"start":{"line":14,"column":0},"end":{"line":14,"column":3}},"14":{"start":{"line":15,"column":0},"end":{"line":15,"column":3}},"15":{"start":{"line":16,"column":0},"end":{"line":16,"column":35}},"16":{"start":{"line":17,"column":0},"end":{"line":17,"column":31}},"17":{"start":{"line":18,"column":0},"end":{"line":18,"column":41}},"18":{"start":{"line":19,"column":0},"end":{"line":19,"column":0}},"19":{"start":{"line":20,"column":0},"end":{"line":20,"column":25}},"20":{"start":{"line":21,"column":0},"end":{"line":21,"column":9}},"21":{"start":{"line":22,"column":0},"end":{"line":22,"column":3}},"22":{"start":{"line":23,"column":0},"end":{"line":23,"column":9}},"23":{"start":{"line":24,"column":0},"end":{"line":24,"column":11}},"24":{"start":{"line":25,"column":0},"end":{"line":25,"column":22}},"25":{"start":{"line":26,"column":0},"end":{"line":26,"column":64}},"26":{"start":{"line":27,"column":0},"end":{"line":27,"column":28}},"27":{"start":{"line":28,"column":0},"end":{"line":28,"column":30}},"28":{"start":{"line":29,"column":0},"end":{"line":29,"column":13}},"29":{"start":{"line":30,"column":0},"end":{"line":30,"column":63}},"30":{"start":{"line":31,"column":0},"end":{"line":31,"column":15}},"31":{"start":{"line":32,"column":0},"end":{"line":32,"column":15}},"32":{"start":{"line":33,"column":0},"end":{"line":33,"column":7}},"33":{"start":{"line":34,"column":0},"end":{"line":34,"column":7}},"34":{"start":{"line":35,"column":0},"end":{"line":35,"column":9}},"35":{"start":{"line":36,"column":0},"end":{"line":36,"column":30}},"36":{"start":{"line":37,"column":0},"end":{"line":37,"column":34}},"37":{"start":{"line":38,"column":0},"end":{"line":38,"column":13}},"38":{"start":{"line":39,"column":0},"end":{"line":39,"column":67}},"39":{"start":{"line":40,"column":0},"end":{"line":40,"column":17}},"40":{"start":{"line":41,"column":0},"end":{"line":41,"column":15}},"41":{"start":{"line":42,"column":0},"end":{"line":42,"column":7}},"42":{"start":{"line":43,"column":0},"end":{"line":43,"column":7}},"43":{"start":{"line":44,"column":0},"end":{"line":44,"column":9}},"44":{"start":{"line":45,"column":0},"end":{"line":45,"column":83}},"45":{"start":{"line":46,"column":0},"end":{"line":46,"column":12}},"46":{"start":{"line":47,"column":0},"end":{"line":47,"column":3}},"47":{"start":{"line":48,"column":0},"end":{"line":48,"column":2}},"48":{"start":{"line":49,"column":0},"end":{"line":49,"column":0}},"49":{"start":{"line":50,"column":0},"end":{"line":50,"column":25}}},"s":{"0":1,"1":1,"2":1,"3":1,"4":1,"5":1,"6":1,"7":1,"8":8,"9":1,"10":1,"11":1,"12":1,"13":1,"14":8,"15":8,"16":8,"17":18,"18":18,"19":18,"20":18,"21":18,"22":8,"23":8,"24":8,"25":8,"26":8,"27":8,"28":80,"29":80,"30":80,"31":80,"32":80,"33":8,"34":8,"35":8,"36":8,"37":40,"38":40,"39":40,"40":40,"41":40,"42":8,"43":8,"44":8,"45":8,"46":8,"47":8,"48":1,"49":1},"branchMap":{"0":{"type":"branch","line":8,"loc":{"start":{"line":8,"column":19},"end":{"line":48,"column":2}},"locations":[{"start":{"line":8,"column":19},"end":{"line":48,"column":2}}]},"1":{"type":"branch","line":9,"loc":{"start":{"line":9,"column":21},"end":{"line":14,"column":3}},"locations":[{"start":{"line":9,"column":21},"end":{"line":14,"column":3}}]},"2":{"type":"branch","line":17,"loc":{"start":{"line":17,"column":21},"end":{"line":22,"column":3}},"locations":[{"start":{"line":17,"column":21},"end":{"line":22,"column":3}}]},"3":{"type":"branch","line":28,"loc":{"start":{"line":28,"column":17},"end":{"line":34,"column":5}},"locations":[{"start":{"line":28,"column":17},"end":{"line":34,"column":5}}]},"4":{"type":"branch","line":30,"loc":{"start":{"line":30,"column":36},"end":{"line":30,"column":63}},"locations":[{"start":{"line":30,"column":36},"end":{"line":30,"column":63}}]},"5":{"type":"branch","line":37,"loc":{"start":{"line":37,"column":19},"end":{"line":43,"column":5}},"locations":[{"start":{"line":37,"column":19},"end":{"line":43,"column":5}}]},"6":{"type":"branch","line":39,"loc":{"start":{"line":39,"column":38},"end":{"line":39,"column":67}},"locations":[{"start":{"line":39,"column":38},"end":{"line":39,"column":67}}]},"7":{"type":"branch","line":45,"loc":{"start":{"line":45,"column":18},"end":{"line":45,"column":66}},"locations":[{"start":{"line":45,"column":18},"end":{"line":45,"column":66}}]}},"b":{"0":[8],"1":[1],"2":[18],"3":[80],"4":[12],"5":[40],"6":[6],"7":[1]},"fnMap":{"0":{"name":"Calculator","decl":{"start":{"line":8,"column":19},"end":{"line":48,"column":2}},"loc":{"start":{"line":8,"column":19},"end":{"line":48,"column":2}},"line":8},"1":{"name":"doOperation","decl":{"start":{"line":9,"column":21},"end":{"line":14,"column":3}},"loc":{"start":{"line":9,"column":21},"end":{"line":14,"column":3}},"line":9},"2":{"name":"handleClick","decl":{"start":{"line":17,"column":21},"end":{"line":22,"column":3}},"loc":{"start":{"line":17,"column":21},"end":{"line":22,"column":3}},"line":17},"3":{"name":"onClick","decl":{"start":{"line":30,"column":36},"end":{"line":30,"column":63}},"loc":{"start":{"line":30,"column":36},"end":{"line":30,"column":63}},"line":30},"4":{"name":"onClick","decl":{"start":{"line":39,"column":38},"end":{"line":39,"column":67}},"loc":{"start":{"line":39,"column":38},"end":{"line":39,"column":67}},"line":39},"5":{"name":"onClick","decl":{"start":{"line":45,"column":18},"end":{"line":45,"column":66}},"loc":{"start":{"line":45,"column":18},"end":{"line":45,"column":66}},"line":45}},"f":{"0":8,"1":1,"2":18,"3":12,"4":6,"5":1}}
}
